# JRE version: OpenJDK Runtime Environment (17.0.12+7) (build 17.0.12+7-Ubuntu-1ubuntu222.04)
# Java VM: OpenJDK 64-Bit Server VM (17.0.12+7-Ubuntu-1ubuntu222.04, mixed mode, sharing, tiered, compressed oops, compressed class ptrs, g1 gc, linux-amd64)
GC Precious Log:
 CPUs: 16 total, 16 available
 Memory: 32027M
 Large Page Support: Disabled
 NUMA Support: Disabled
 Compressed Oops: Enabled (Zero based)
 Heap Region Size: 4M
 Heap Min Capacity: 8M
 Heap Initial Capacity: 504M
 Heap Max Capacity: 8008M
 Pre-touch: Disabled
 Parallel Workers: 13
 Concurrent Workers: 3
 Concurrent Refinement Workers: 13
 Periodic GC: Disabled
Heap:
 garbage-first heap   total 524288K, used 296421K [0x000000060b800000, 0x0000000800000000)
  region size 4096K, 72 young (294912K), 3 survivors (12288K)
 Metaspace       used 10717K, committed 10944K, reserved 1114112K
  class space    used 1143K, committed 1216K, reserved 1048576K
GC Heap History (20 events):
Event: 80.413 GC heap before
{Heap before GC invocations=153 (full 0):
 garbage-first heap   total 524288K, used 312473K [0x000000060b800000, 0x0000000800000000)
  region size 4096K, 75 young (307200K), 3 survivors (12288K)
 Metaspace       used 10713K, committed 10944K, reserved 1114112K
  class space    used 1143K, committed 1216K, reserved 1048576K
}
Event: 80.415 GC heap after
{Heap after GC invocations=154 (full 0):
 garbage-first heap   total 524288K, used 17745K [0x000000060b800000, 0x0000000800000000)
  region size 4096K, 3 young (12288K), 3 survivors (12288K)
 Metaspace       used 10713K, committed 10944K, reserved 1114112K
  class space    used 1143K, committed 1216K, reserved 1048576K
}
Event: 80.945 GC heap before
{Heap before GC invocations=154 (full 0):
 garbage-first heap   total 524288K, used 312657K [0x000000060b800000, 0x0000000800000000)
  region size 4096K, 75 young (307200K), 3 survivors (12288K)
 Metaspace       used 10713K, committed 10944K, reserved 1114112K
  class space    used 1143K, committed 1216K, reserved 1048576K
}
Event: 80.947 GC heap after
{Heap after GC invocations=155 (full 0):
 garbage-first heap   total 524288K, used 17416K [0x000000060b800000, 0x0000000800000000)
  region size 4096K, 3 young (12288K), 3 survivors (12288K)
 Metaspace       used 10713K, committed 10944K, reserved 1114112K
  class space    used 1143K, committed 1216K, reserved 1048576K
}
Event: 81.495 GC heap before
{Heap before GC invocations=155 (full 0):
 garbage-first heap   total 524288K, used 312328K [0x000000060b800000, 0x0000000800000000)
  region size 4096K, 75 young (307200K), 3 survivors (12288K)
 Metaspace       used 10713K, committed 10944K, reserved 1114112K
  class space    used 1143K, committed 1216K, reserved 1048576K
}
Event: 81.497 GC heap after
{Heap after GC invocations=156 (full 0):
 garbage-first heap   total 524288K, used 16919K [0x000000060b800000, 0x0000000800000000)
  region size 4096K, 3 young (12288K), 3 survivors (12288K)
 Metaspace       used 10713K, committed 10944K, reserved 1114112K
  class space    used 1143K, committed 1216K, reserved 1048576K
}
Event: 82.003 GC heap before
{Heap before GC invocations=156 (full 0):
 garbage-first heap   total 524288K, used 311831K [0x000000060b800000, 0x0000000800000000)
  region size 4096K, 75 young (307200K), 3 survivors (12288K)
 Metaspace       used 10713K, committed 10944K, reserved 1114112K
  class space    used 1143K, committed 1216K, reserved 1048576K
}
Event: 82.005 GC heap after
{Heap after GC invocations=157 (full 0):
 garbage-first heap   total 524288K, used 17025K [0x000000060b800000, 0x0000000800000000)
  region size 4096K, 3 young (12288K), 3 survivors (12288K)
 Metaspace       used 10713K, committed 10944K, reserved 1114112K
  class space    used 1143K, committed 1216K, reserved 1048576K
}
Event: 82.491 GC heap before
{Heap before GC invocations=157 (full 0):
 garbage-first heap   total 524288K, used 311937K [0x000000060b800000, 0x0000000800000000)
  region size 4096K, 75 young (307200K), 3 survivors (12288K)
 Metaspace       used 10713K, committed 10944K, reserved 1114112K
  class space    used 1143K, committed 1216K, reserved 1048576K
}
Event: 82.494 GC heap after
{Heap after GC invocations=158 (full 0):
 garbage-first heap   total 524288K, used 17322K [0x000000060b800000, 0x0000000800000000)
  region size 4096K, 3 young (12288K), 3 survivors (12288K)
 Metaspace       used 10713K, committed 10944K, reserved 1114112K
  class space    used 1143K, committed 1216K, reserved 1048576K
}
Event: 82.995 GC heap before
{Heap before GC invocations=158 (full 0):
 garbage-first heap   total 524288K, used 312234K [0x000000060b800000, 0x0000000800000000)
  region size 4096K, 75 young (307200K), 3 survivors (12288K)
 Metaspace       used 10713K, committed 10944K, reserved 1114112K
  class space    used 1143K, committed 1216K, reserved 1048576K
}
Event: 82.997 GC heap after
{Heap after GC invocations=159 (full 0):
 garbage-first heap   total 524288K, used 17674K [0x000000060b800000, 0x0000000800000000)
  region size 4096K, 3 young (12288K), 3 survivors (12288K)
 Metaspace       used 10713K, committed 10944K, reserved 1114112K
  class space    used 1143K, committed 1216K, reserved 1048576K
}
Event: 83.508 GC heap before
{Heap before GC invocations=159 (full 0):
 garbage-first heap   total 524288K, used 312586K [0x000000060b800000, 0x0000000800000000)
  region size 4096K, 75 young (307200K), 3 survivors (12288K)
 Metaspace       used 10713K, committed 10944K, reserved 1114112K
  class space    used 1143K, committed 1216K, reserved 1048576K
}
Event: 83.511 GC heap after
{Heap after GC invocations=160 (full 0):
 garbage-first heap   total 524288K, used 17730K [0x000000060b800000, 0x0000000800000000)
  region size 4096K, 3 young (12288K), 3 survivors (12288K)
 Metaspace       used 10713K, committed 10944K, reserved 1114112K
  class space    used 1143K, committed 1216K, reserved 1048576K
}
Event: 84.011 GC heap before
{Heap before GC invocations=160 (full 0):
 garbage-first heap   total 524288K, used 312642K [0x000000060b800000, 0x0000000800000000)
  region size 4096K, 75 young (307200K), 3 survivors (12288K)
 Metaspace       used 10713K, committed 10944K, reserved 1114112K
  class space    used 1143K, committed 1216K, reserved 1048576K
}
Event: 84.013 GC heap after
{Heap after GC invocations=161 (full 0):
 garbage-first heap   total 524288K, used 17739K [0x000000060b800000, 0x0000000800000000)
  region size 4096K, 3 young (12288K), 3 survivors (12288K)
 Metaspace       used 10713K, committed 10944K, reserved 1114112K
  class space    used 1143K, committed 1216K, reserved 1048576K
}
Event: 84.495 GC heap before
{Heap before GC invocations=161 (full 0):
 garbage-first heap   total 524288K, used 312651K [0x000000060b800000, 0x0000000800000000)
  region size 4096K, 75 young (307200K), 3 survivors (12288K)
 Metaspace       used 10713K, committed 10944K, reserved 1114112K
  class space    used 1143K, committed 1216K, reserved 1048576K
}
Event: 84.498 GC heap after
{Heap after GC invocations=162 (full 0):
 garbage-first heap   total 524288K, used 17878K [0x000000060b800000, 0x0000000800000000)
  region size 4096K, 3 young (12288K), 3 survivors (12288K)
 Metaspace       used 10713K, committed 10944K, reserved 1114112K
  class space    used 1143K, committed 1216K, reserved 1048576K
}
Event: 85.008 GC heap before
{Heap before GC invocations=162 (full 0):
 garbage-first heap   total 524288K, used 312790K [0x000000060b800000, 0x0000000800000000)
  region size 4096K, 75 young (307200K), 3 survivors (12288K)
 Metaspace       used 10713K, committed 10944K, reserved 1114112K
  class space    used 1143K, committed 1216K, reserved 1048576K
}
Event: 85.011 GC heap after
{Heap after GC invocations=163 (full 0):
 garbage-first heap   total 524288K, used 17893K [0x000000060b800000, 0x0000000800000000)
  region size 4096K, 3 young (12288K), 3 survivors (12288K)
 Metaspace       used 10713K, committed 10944K, reserved 1114112K
  class space    used 1143K, committed 1216K, reserved 1048576K
}

